<?xml version="1.0" encoding="UTF-8"?>
<testsuite name="tests.AnnotatedTests" tests="1" skipped="0" failures="0" errors="0" timestamp="2025-04-17T17:37:15" hostname="DESKTOP-OSL10U6" time="4.605">
  <properties/>
  <testcase name="Проверка отображения Issue #1" classname="tests.AnnotatedTests" time="4.605"/>
  <system-out><![CDATA[]]></system-out>
  <system-err><![CDATA[Apr 17, 2025 9:37:17 PM org.openqa.selenium.devtools.CdpVersionFinder findNearestMatch
WARNING: Unable to find CDP implementation matching 135
Apr 17, 2025 9:37:17 PM org.openqa.selenium.chromium.ChromiumDriver lambda$new$5
WARNING: Unable to find version of CDP to use for 135.0.7049.95. You may need to include a dependency on a specific version of the CDP using something similar to `org.seleniumhq.selenium:selenium-devtools-v86:4.13.0` where the version ("v86") matches the version of the chromium-based browser you're using and the version number of the artifact is the same as Selenium's.
]]></system-err>
</testsuite>
